<?xml version="1.0" encoding="UTF-8"?>
<!-- Generated by org.testng.reporters.JUnitReportReporter -->
<testsuite hostname="DESKTOP-79QOT61" failures="0" tests="2" name="lokeshMavenProject.seleniumFrameWork1.SubmitOrder" time="37.666" errors="0" timestamp="2025-07-15T15:44:12 IST" skipped="0">
  <testcase classname="lokeshMavenProject.seleniumFrameWork1.SubmitOrder" name="productValidation" time="17.753"/>
  <testcase classname="lokeshMavenProject.seleniumFrameWork1.SubmitOrder" name="productValidation" time="19.913"/>
</testsuite> <!-- lokeshMavenProject.seleniumFrameWork1.SubmitOrder -->
