<?xml version="1.0" encoding="UTF-8"?>
<!-- Generated by org.testng.reporters.JUnitReportReporter -->
<testsuite hostname="DESKTOP-79QOT61" failures="0" tests="1" name="lokeshMavenProject.seleniumFrameWork1.FinalExecution" time="17.413" errors="0" timestamp="2025-07-15T11:02:07 IST" skipped="0">
  <testcase classname="lokeshMavenProject.seleniumFrameWork1.FinalExecution" name="startExecution" time="17.413"/>
</testsuite> <!-- lokeshMavenProject.seleniumFrameWork1.FinalExecution -->
