<?xml version="1.0" encoding="UTF-8"?>
<!-- Generated by org.testng.reporters.JUnitReportReporter -->
<testsuite hostname="DESKTOP-79QOT61" failures="0" tests="1" name="lokeshMavenProject.seleniumFrameWork1.ErrorValidation" time="12.378" errors="0" timestamp="2025-07-15T13:31:35 IST" skipped="0">
  <testcase classname="lokeshMavenProject.seleniumFrameWork1.ErrorValidation" name="startExecution" time="12.378"/>
</testsuite> <!-- lokeshMavenProject.seleniumFrameWork1.ErrorValidation -->
